<?xml version="1.0" encoding="UTF-8"?>
<!-- Generated by org.testng.reporters.JUnitReportReporter -->
<testsuite skipped="0" hostname="ATMECSINLT-891" name="com.atmecs.Api.RestAssured.TC_Videogameapi1" tests="5" failures="0" timestamp="25 Sep 2022 10:36:15 GMT" time="5.862" errors="0">
  <testcase name="test_videogame" time="2.214" classname="com.atmecs.Api.RestAssured.TC_Videogameapi1"/>
  <testcase name="gettestforstatuscode" time="1.557" classname="com.atmecs.Api.RestAssured.TC_Videogameapi1"/>
  <testcase name="gettest" time="0.229" classname="com.atmecs.Api.RestAssured.TC_Videogameapi1"/>
  <testcase name="puttest" time="1.131" classname="com.atmecs.Api.RestAssured.TC_Videogameapi1"/>
  <testcase name="posttest" time="0.731" classname="com.atmecs.Api.RestAssured.TC_Videogameapi1"/>
</testsuite> <!-- com.atmecs.Api.RestAssured.TC_Videogameapi1 -->
